# JRE version: Java(TM) SE Runtime Environment (11.0.2+9) (build 11.0.2+9-LTS)
# Java VM: Java HotSpot(TM) 64-Bit Server VM (11.0.2+9-LTS, mixed mode, tiered, compressed oops, g1 gc, windows-amd64)
Heap:
 garbage-first heap   total 262144K, used 147215K [0x0000000701c00000, 0x0000000800000000)
  region size 1024K, 91 young (93184K), 11 survivors (11264K)
 Metaspace       used 29022K, capacity 29618K, committed 29824K, reserved 1075200K
  class space    used 3156K, capacity 3409K, committed 3456K, reserved 1048576K
GC Heap History (10 events):
Event: 45.740 GC heap before
{Heap before GC invocations=8 (full 0):
 garbage-first heap   total 262144K, used 201138K [0x0000000701c00000, 0x0000000800000000)
  region size 1024K, 153 young (156672K), 11 survivors (11264K)
 Metaspace       used 28657K, capacity 29247K, committed 29568K, reserved 1075200K
  class space    used 3102K, capacity 3370K, committed 3456K, reserved 1048576K
}
Event: 45.754 GC heap after
{Heap after GC invocations=9 (full 0):
 garbage-first heap   total 262144K, used 57086K [0x0000000701c00000, 0x0000000800000000)
  region size 1024K, 13 young (13312K), 13 survivors (13312K)
 Metaspace       used 28657K, capacity 29247K, committed 29568K, reserved 1075200K
  class space    used 3102K, capacity 3370K, committed 3456K, reserved 1048576K
}
Event: 48.646 GC heap before
{Heap before GC invocations=9 (full 0):
 garbage-first heap   total 262144K, used 200446K [0x0000000701c00000, 0x0000000800000000)
  region size 1024K, 153 young (156672K), 13 survivors (13312K)
 Metaspace       used 28657K, capacity 29247K, committed 29568K, reserved 1075200K
  class space    used 3102K, capacity 3370K, committed 3456K, reserved 1048576K
}
Event: 48.664 GC heap after
{Heap after GC invocations=10 (full 0):
 garbage-first heap   total 262144K, used 59352K [0x0000000701c00000, 0x0000000800000000)
  region size 1024K, 13 young (13312K), 13 survivors (13312K)
 Metaspace       used 28657K, capacity 29247K, committed 29568K, reserved 1075200K
  class space    used 3102K, capacity 3370K, committed 3456K, reserved 1048576K
}
Event: 51.587 GC heap before
{Heap before GC invocations=10 (full 0):
 garbage-first heap   total 262144K, used 202712K [0x0000000701c00000, 0x0000000800000000)
  region size 1024K, 153 young (156672K), 13 survivors (13312K)
 Metaspace       used 28657K, capacity 29247K, committed 29568K, reserved 1075200K
  class space    used 3102K, capacity 3370K, committed 3456K, reserved 1048576K
}
Event: 51.604 GC heap after
{Heap after GC invocations=11 (full 0):
 garbage-first heap   total 262144K, used 61666K [0x0000000701c00000, 0x0000000800000000)
  region size 1024K, 13 young (13312K), 13 survivors (13312K)
 Metaspace       used 28657K, capacity 29247K, committed 29568K, reserved 1075200K
  class space    used 3102K, capacity 3370K, committed 3456K, reserved 1048576K
}
Event: 54.473 GC heap before
{Heap before GC invocations=11 (full 0):
 garbage-first heap   total 262144K, used 205026K [0x0000000701c00000, 0x0000000800000000)
  region size 1024K, 153 young (156672K), 13 survivors (13312K)
 Metaspace       used 28657K, capacity 29247K, committed 29568K, reserved 1075200K
  class space    used 3102K, capacity 3370K, committed 3456K, reserved 1048576K
}
Event: 54.490 GC heap after
{Heap after GC invocations=12 (full 0):
 garbage-first heap   total 262144K, used 64002K [0x0000000701c00000, 0x0000000800000000)
  region size 1024K, 11 young (11264K), 11 survivors (11264K)
 Metaspace       used 28657K, capacity 29247K, committed 29568K, reserved 1075200K
  class space    used 3102K, capacity 3370K, committed 3456K, reserved 1048576K
}
Event: 57.433 GC heap before
{Heap before GC invocations=12 (full 0):
 garbage-first heap   total 262144K, used 209410K [0x0000000701c00000, 0x0000000800000000)
  region size 1024K, 153 young (156672K), 11 survivors (11264K)
 Metaspace       used 28657K, capacity 29247K, committed 29568K, reserved 1075200K
  class space    used 3102K, capacity 3370K, committed 3456K, reserved 1048576K
}
Event: 57.451 GC heap after
{Heap after GC invocations=13 (full 0):
 garbage-first heap   total 262144K, used 66319K [0x0000000701c00000, 0x0000000800000000)
  region size 1024K, 11 young (11264K), 11 survivors (11264K)
 Metaspace       used 28657K, capacity 29247K, committed 29568K, reserved 1075200K
  class space    used 3102K, capacity 3370K, committed 3456K, reserved 1048576K
}

